[dotenv@17.2.3] injecting env (0) from .env -- tip: ⚙️  override existing env vars with { override: true }
[dotenv@17.2.3] injecting env (0) from .env -- tip: ⚙️  enable debug logging with { debug: true }
Reward controller starting (network=local)
CONTROLLER_SQLITE_PATH set, but sqlite3 module not available.
Signer: 0xD31Fdb4F80f1DA8F151457eB96B66cD6a5CF6cFc
Token: 0x7f959Faf3b57281e937D75BEe310b364Dcadaf75
NFT: 0x369215B6676E997F6Abb1bb835c933D3f69dB5d9
Pool: 0xe052851d73e480545E7A5E4C63840FF7aF4Ec34f
Pool token0: 0x7f959faf3b57281e937d75bee310b364dcadaf75
Pool token1: 0xfff9976782d46cc05630d1f6ebab18b2324d6b14
State file: .reward_state_local.json
Legacy balance mint enabled: false
Swap mint enabled: true
Threshold (raw): 150000000000000 (decimals=18)
Mint failure cooldown (ms): 60000
Throw on mint failure: false
Index transfers: true
Legacy balance-mint path disabled; indexing transfers only.
[SWAP] block=9924052 tx=0x58e2f26600a7f39e503c20176a8cbefcaaefe50a13902d473299005c35a953c5 recipient=0x080859cA270D361709502edf3B64ef4050e66275 amount0=18382947867233540 amount1=-65776075813271606
[SWAP] block=9924054 tx=0x4d815c2df4e9040adcdfa648e8e00ee8cfdcef8d496c867fae441afed19f7fb0 recipient=0xD721840B135D26dB5f5471830f3CfEaB4fF26475 amount0=3362062253621259 amount1=-11999191733987019
[SWAP] block=9924120 tx=0x547e515de58123c75ea2532b39d38b5d82d773fd239cd5531464a990aa2fd6de recipient=0x8F3951CcaA71256b22bbe79fb277276649d77fd0 amount0=-84855283490765839 amount1=307617614361656384
[SWAP ELIGIBLE] 0x8F3951CcaA71256b22bbe79fb277276649d77fd0 block=9924120 cumulativeBuys=84855283490765839
[MINT SENT] to=0x8F3951CcaA71256b22bbe79fb277276649d77fd0 tx=0xd387aaeade436625a8a5b06bc15d7d3b4b147cf297e860a096daa8ce30fca500
[MINT CONFIRMED] to=0x8F3951CcaA71256b22bbe79fb277276649d77fd0 tx=0xd387aaeade436625a8a5b06bc15d7d3b4b147cf297e860a096daa8ce30fca500
[SWAP] block=9924122 tx=0xce73fc9c82309841ce9ffc409de05b5b90159e7e4705c822348a8212d5dc5921 recipient=0xf3C63C97eB7966Ead3bac8691346F3C47ac0039f amount0=-83181623694092499 amount1=307617614361656384
[SWAP ELIGIBLE] 0xf3C63C97eB7966Ead3bac8691346F3C47ac0039f block=9924122 cumulativeBuys=83181623694092499
[MINT SENT] to=0xf3C63C97eB7966Ead3bac8691346F3C47ac0039f tx=0x26caec2f1cb3661871f6f78ccab6a570ed0462a7dac05c8ceebf77ae3c6a5747
[MINT CONFIRMED] to=0xf3C63C97eB7966Ead3bac8691346F3C47ac0039f tx=0x26caec2f1cb3661871f6f78ccab6a570ed0462a7dac05c8ceebf77ae3c6a5747
[SWAP] block=9924125 tx=0x7a277ef181cff7d6af45c43453e84da6beaba35503986386bd3a1b832adac7f2 recipient=0x0FCeE80B1fa14983e4Cf35801e6D8F5DccA532AD amount0=-81556996480539408 amount1=307617614361656384
[SWAP ELIGIBLE] 0x0FCeE80B1fa14983e4Cf35801e6D8F5DccA532AD block=9924125 cumulativeBuys=81556996480539408
[MINT SENT] to=0x0FCeE80B1fa14983e4Cf35801e6D8F5DccA532AD tx=0xcf704dba1af7e35244c2f7a61975d4ce8d09d67a4343310c0a15c7e41236313e
[MINT CONFIRMED] to=0x0FCeE80B1fa14983e4Cf35801e6D8F5DccA532AD tx=0xcf704dba1af7e35244c2f7a61975d4ce8d09d67a4343310c0a15c7e41236313e
[SWAP] block=9924127 tx=0x687d265563f29c972bd130ff813eb81b20cb50de14495b70c548d6bb46efed3e recipient=0x88F20Dd02200254b2d323A5716030288A1D8C5D3 amount0=-79979505054422310 amount1=307617614361656384
[SWAP] block=9924122 tx=0xce73fc9c82309841ce9ffc409de05b5b90159e7e4705c822348a8212d5dc5921 recipient=0xf3C63C97eB7966Ead3bac8691346F3C47ac0039f amount0=-83181623694092499 amount1=307617614361656384
[SWAP ELIGIBLE] 0x88F20Dd02200254b2d323A5716030288A1D8C5D3 block=9924127 cumulativeBuys=79979505054422310
[SWAP] block=9924125 tx=0x7a277ef181cff7d6af45c43453e84da6beaba35503986386bd3a1b832adac7f2 recipient=0x0FCeE80B1fa14983e4Cf35801e6D8F5DccA532AD amount0=-81556996480539408 amount1=307617614361656384
[SWAP] block=9924127 tx=0x687d265563f29c972bd130ff813eb81b20cb50de14495b70c548d6bb46efed3e recipient=0x88F20Dd02200254b2d323A5716030288A1D8C5D3 amount0=-79979505054422310 amount1=307617614361656384
[SWAP ELIGIBLE] 0x88F20Dd02200254b2d323A5716030288A1D8C5D3 block=9924127 cumulativeBuys=159959010108844620
[MINT SENT] to=0x88F20Dd02200254b2d323A5716030288A1D8C5D3 tx=0xf8430a7dad26e8e63bd428fce5ee7917c8887a4bed10c1e0ba896b6b869e2c0a
[MINT CONFIRMED] to=0x88F20Dd02200254b2d323A5716030288A1D8C5D3 tx=0xf8430a7dad26e8e63bd428fce5ee7917c8887a4bed10c1e0ba896b6b869e2c0a
[SWAP] block=9924129 tx=0x08ec0c39c6fee3cb8219e265cf686cf49404fe67f8ce111cc649a716956030f9 recipient=0x0A1a2eCB4fBD66CF9790bb115529D5599d2Af37f amount0=-77364575922022956 amount1=303331239561832768
[MINT FAILED] to=0x88F20Dd02200254b2d323A5716030288A1D8C5D3 reason=nonce has already been used
[SWAP] block=9924129 tx=0x08ec0c39c6fee3cb8219e265cf686cf49404fe67f8ce111cc649a716956030f9 recipient=0x0A1a2eCB4fBD66CF9790bb115529D5599d2Af37f amount0=-77364575922022956 amount1=303331239561832768
[SWAP ELIGIBLE] 0x0A1a2eCB4fBD66CF9790bb115529D5599d2Af37f block=9924129 cumulativeBuys=154729151844045912
[SWAP ELIGIBLE] 0x0A1a2eCB4fBD66CF9790bb115529D5599d2Af37f block=9924129 cumulativeBuys=154729151844045912
[MINT FAILED] to=0x0A1a2eCB4fBD66CF9790bb115529D5599d2Af37f reason=nonce has already been used
[SWAP] block=9924132 tx=0xce6dfe7dfe12c60d1c2873e1b033910899f5328d292a288612b93da448e066af recipient=0x2D336127135b5c0b64a9E839053baA9eeA035EC9 amount0=-40770144328399998 amount1=162191189407899296
[MINT SENT] to=0x0A1a2eCB4fBD66CF9790bb115529D5599d2Af37f tx=0x1476ec029c4145175e73ea9ef21dea844cdbcd26d7733ae7674a96672576ddd1
[MINT CONFIRMED] to=0x0A1a2eCB4fBD66CF9790bb115529D5599d2Af37f tx=0x1476ec029c4145175e73ea9ef21dea844cdbcd26d7733ae7674a96672576ddd1
[SWAP ELIGIBLE] 0x2D336127135b5c0b64a9E839053baA9eeA035EC9 block=9924132 cumulativeBuys=40770144328399998
[MINT SENT] to=0x2D336127135b5c0b64a9E839053baA9eeA035EC9 tx=0x0f3d33112677169d4e0889f5384060b16193efaef5e09282c816da5d4638320b
[MINT CONFIRMED] to=0x2D336127135b5c0b64a9E839053baA9eeA035EC9 tx=0x0f3d33112677169d4e0889f5384060b16193efaef5e09282c816da5d4638320b
[SWAP] block=9924135 tx=0x611d1af2172de1da6cdd14c99afa0278751fc640c7515bec237b4e25f8915cef recipient=0x40d6F93a26c4F1a2Cc689dd1cC73b62c33990453 amount0=-76211096529393094 amount1=307617614361656384
[SWAP ELIGIBLE] 0x40d6F93a26c4F1a2Cc689dd1cC73b62c33990453 block=9924135 cumulativeBuys=76211096529393094
[MINT SENT] to=0x40d6F93a26c4F1a2Cc689dd1cC73b62c33990453 tx=0x2000f3b3457b18952b47b7de60888bb8835a02de878cb61234a45db41a484c03
[MINT CONFIRMED] to=0x40d6F93a26c4F1a2Cc689dd1cC73b62c33990453 tx=0x2000f3b3457b18952b47b7de60888bb8835a02de878cb61234a45db41a484c03
[SWAP] block=9924153 tx=0xfa8a08a014dd5440c1e22b5f69493d5b5533edc4c3ce3107d9856ea0d17ebb5e recipient=0x8F3951CcaA71256b22bbe79fb277276649d77fd0 amount0=-79607960707294340 amount1=327653719369436544
[SWAP] block=9924155 tx=0x616822d681ebc7dcd221338f63e2b2d7b1aed3a14c18f5278bf229b0e0f44f42 recipient=0x5c069C037Bf22fE59a99B203E8EB03d8531F81A8 amount0=-57589834575481511 amount1=241168852342403968
[SWAP ELIGIBLE] 0x5c069C037Bf22fE59a99B203E8EB03d8531F81A8 block=9924155 cumulativeBuys=57589834575481511
[MINT SENT] to=0x5c069C037Bf22fE59a99B203E8EB03d8531F81A8 tx=0x6b973b8296950feca042eb4472cbf645f605c1d623c299646e4486717646913d
[MINT CONFIRMED] to=0x5c069C037Bf22fE59a99B203E8EB03d8531F81A8 tx=0x6b973b8296950feca042eb4472cbf645f605c1d623c299646e4486717646913d
[SWAP] block=9924157 tx=0xb9fdb3756893c2480d8381e16c0f24a5339d584db52fc0133560911065f7bff0 recipient=0xdcDB38594f2A68CcE6aA25bdF93055D87A54c450 amount0=-58990657627882106 amount1=250727583035498912
[SWAP ELIGIBLE] 0xdcDB38594f2A68CcE6aA25bdF93055D87A54c450 block=9924157 cumulativeBuys=58990657627882106
[MINT SENT] to=0xdcDB38594f2A68CcE6aA25bdF93055D87A54c450 tx=0xa360a55de839fdebf0c41830774794fa7dc6169f77a061d57268735bdfc33853
[MINT CONFIRMED] to=0xdcDB38594f2A68CcE6aA25bdF93055D87A54c450 tx=0xa360a55de839fdebf0c41830774794fa7dc6169f77a061d57268735bdfc33853
[SWAP] block=9924159 tx=0xb2df3f87f8ef5fe78d4c20e01ef9faec79917db063012becfff201486e41bf0c recipient=0x99f00bdf336ED74C0164eE7b12058979940312E5 amount0=-75767722933892793 amount1=327653719369436544
[SWAP ELIGIBLE] 0x99f00bdf336ED74C0164eE7b12058979940312E5 block=9924159 cumulativeBuys=75767722933892793
[MINT SENT] to=0x99f00bdf336ED74C0164eE7b12058979940312E5 tx=0x5d5feae7ef64630fe8e7c3e0fdf919e68af7c46e652bb14d7729946f4610c4aa
[MINT CONFIRMED] to=0x99f00bdf336ED74C0164eE7b12058979940312E5 tx=0x5d5feae7ef64630fe8e7c3e0fdf919e68af7c46e652bb14d7729946f4610c4aa
[SWAP] block=9924162 tx=0x40678c6f0de9479fad7fefad5e298758021c9036b29e57d56aa265dfdf540856 recipient=0xd3671215F089919F3cE91B3c38D9f653236899F1 amount0=-52997913278921075 amount1=233034120685375776
[SWAP ELIGIBLE] 0xd3671215F089919F3cE91B3c38D9f653236899F1 block=9924162 cumulativeBuys=52997913278921075
[MINT SENT] to=0xd3671215F089919F3cE91B3c38D9f653236899F1 tx=0x44a0e544235929b95853fb19163e585f243ff75eb2fe404cc889bfa259f0b6fc
[MINT CONFIRMED] to=0xd3671215F089919F3cE91B3c38D9f653236899F1 tx=0x44a0e544235929b95853fb19163e585f243ff75eb2fe404cc889bfa259f0b6fc
[SWAP] block=9924165 tx=0xd54c32b5be230072062b79d4e1fbd620e4b8ad9d5ffc03f6c681f4605a11cdcb recipient=0x3e641299D79312eE5eb63eB5Ac51a8fA01301397 amount0=-47673513578320995 amount1=212390837556326912
[SWAP ELIGIBLE] 0x3e641299D79312eE5eb63eB5Ac51a8fA01301397 block=9924165 cumulativeBuys=47673513578320995
[MINT SENT] to=0x3e641299D79312eE5eb63eB5Ac51a8fA01301397 tx=0x25811abc4516b49f8a56b2dbf12ae6b423c10ea18d9e46a12aaaf1d0f82acbee
[MINT CONFIRMED] to=0x3e641299D79312eE5eb63eB5Ac51a8fA01301397 tx=0x25811abc4516b49f8a56b2dbf12ae6b423c10ea18d9e46a12aaaf1d0f82acbee
[SWAP] block=9924168 tx=0x46a99fb9e7b4cd9598cc6d39bc5b92ea33abc0b2f79dec67fcd9c5ed17bf9657 recipient=0x3D5eB8A4876a1E5D1BE43b1c865b958dA8151f05 amount0=-46845815510986979 amount1=211307112560744192
[SWAP ELIGIBLE] 0x3D5eB8A4876a1E5D1BE43b1c865b958dA8151f05 block=9924168 cumulativeBuys=46845815510986979
[MINT SENT] to=0x3D5eB8A4876a1E5D1BE43b1c865b958dA8151f05 tx=0x4c4304dd4d177994ae30fd2f83fce848561983c585f49a43affa6c523a480970
[MINT CONFIRMED] to=0x3D5eB8A4876a1E5D1BE43b1c865b958dA8151f05 tx=0x4c4304dd4d177994ae30fd2f83fce848561983c585f49a43affa6c523a480970
[SWAP] block=9924173 tx=0x9a2ea827aa13627f7c8fe1defe5dbeecc9a69917dc1f9eb65619be2140b0338e recipient=0x8F3951CcaA71256b22bbe79fb277276649d77fd0 amount0=-43960336520100241 amount1=200682153601045312
[SWAP] block=9924175 tx=0x09e4f76502a0e668266b5f6a4e6793114472628841f4456d4259f1f506d74239 recipient=0x0FCeE80B1fa14983e4Cf35801e6D8F5DccA532AD amount0=-13265351203643253 amount1=61018193786627256
[SWAP] block=9924177 tx=0x9ff4d3d9049eadd025f0b64133567b16a9bacae7696b7cf2ccb8b82a700d45c2 recipient=0x5c069C037Bf22fE59a99B203E8EB03d8531F81A8 amount0=-16055967188706362 amount1=74143142307140032
[SWAP] block=9924179 tx=0x304c6b1bac712a152d1493b3806a453b2287a064c407f5197a021877b239edb0 recipient=0x88F20Dd02200254b2d323A5716030288A1D8C5D3 amount0=-25591499208437312 amount1=118834487244107440
[SWAP] block=9924181 tx=0xb9e1bd4720795616cca506023cce91b0966ae9d5d9379e02c1b04c73ca0050ee recipient=0x0A1a2eCB4fBD66CF9790bb115529D5599d2Af37f amount0=-12755846874381452 amount1=59536245880008456
[SWAP] block=9924183 tx=0x9661510d2731279c55c260d9148f0d89961af41063c2cd4c468584c55f27a009 recipient=0xdcDB38594f2A68CcE6aA25bdF93055D87A54c450 amount0=-26315181811128096 amount1=123467823610546928
[SWAP] block=9924185 tx=0x19d0a1f1de5314cfd87e1d8d632356d3cdad526adf89f7254f43765007b6e24d recipient=0x2D336127135b5c0b64a9E839053baA9eeA035EC9 amount0=-497319423151235 amount1=2341777503417215
[SWAP] block=9924187 tx=0xde9d5db64ecc4d8add51374618ee1750378b7909d08430885f86ee7cecdf2c3a recipient=0x40d6F93a26c4F1a2Cc689dd1cC73b62c33990453 amount0=-30024477384786209 amount1=141961770413896352
[SWAP] block=9924189 tx=0xe5fd18141b776102b70edfe2d4048e9884f460c9cbb779b54992d03607a030c1 recipient=0xd4Ee135D64d4e76238622f05Ecdfb5CA551bc809 amount0=-30537918344040254 amount1=145574781638122848
[SWAP ELIGIBLE] 0xd4Ee135D64d4e76238622f05Ecdfb5CA551bc809 block=9924189 cumulativeBuys=30537918344040254
[MINT SENT] to=0xd4Ee135D64d4e76238622f05Ecdfb5CA551bc809 tx=0x40301e3917ae29d7c55ee478db79a541b7daf9407486b3b2cc3d76978a562d50
[MINT CONFIRMED] to=0xd4Ee135D64d4e76238622f05Ecdfb5CA551bc809 tx=0x40301e3917ae29d7c55ee478db79a541b7daf9407486b3b2cc3d76978a562d50
[SWAP] block=9924196 tx=0xb91919d188ec1ce69c0e1badb2703d68e49df75998cacc6d29d8a5b27062c556 recipient=0xd3671215F089919F3cE91B3c38D9f653236899F1 amount0=2020949769394383 amount1=-9613200866342034
[SWAP] block=9924198 tx=0xed8945302b9f6268e2cd235e521efb96ad475f96837e8e81a0a4f6119c5f620c recipient=0x40d6F93a26c4F1a2Cc689dd1cC73b62c33990453 amount0=-20621710023802304 amount1=98933558096434608
[SWAP] block=9924200 tx=0xea62a4c07a895c2a7a201e9e35e9967afba66e466aac7f4c89c34529967c9fae recipient=0xd4Ee135D64d4e76238622f05Ecdfb5CA551bc809 amount0=-22781617183752406 amount1=109942475495919280
[SWAP] block=9924202 tx=0x5c9ab9f9fcec5b56d0e69c1f55091dafe29f5e42b334a2817dd8fe03a05a27fd recipient=0x17AE1B04fe4C247F8f628b45A08f1dB78D7F00DF amount0=-35782913909185714 amount1=174071198240296352
[SWAP ELIGIBLE] 0x17AE1B04fe4C247F8f628b45A08f1dB78D7F00DF block=9924202 cumulativeBuys=35782913909185714
[MINT SENT] to=0x17AE1B04fe4C247F8f628b45A08f1dB78D7F00DF tx=0xcfa42924c268cf0d9b3ca8edc87e3a533666f892a3cad7ab9788814501bf4693
[MINT CONFIRMED] to=0x17AE1B04fe4C247F8f628b45A08f1dB78D7F00DF tx=0xcfa42924c268cf0d9b3ca8edc87e3a533666f892a3cad7ab9788814501bf4693
[SWAP] block=9924204 tx=0x018c99045fa7b047a290d1e2b0fd16ef7007c57a549574d25141a3aa1732157d recipient=0x3D5eB8A4876a1E5D1BE43b1c865b958dA8151f05 amount0=-376784927192686 amount1=1842004854130532
[SWAP] block=9924206 tx=0x66caa2760ca21715d3cc8d0feb4cf9143395b5522d4e4e2299c87f4e7e77e138 recipient=0xf4029Cb7571341C794A1B9f94Ea3cdD1F0c76F83 amount0=-15025025647877898 amount1=73608799158295888
[SWAP ELIGIBLE] 0xf4029Cb7571341C794A1B9f94Ea3cdD1F0c76F83 block=9924206 cumulativeBuys=15025025647877898
[SWAP] block=9924196 tx=0xb91919d188ec1ce69c0e1badb2703d68e49df75998cacc6d29d8a5b27062c556 recipient=0xd3671215F089919F3cE91B3c38D9f653236899F1 amount0=2020949769394383 amount1=-9613200866342034
[SWAP] block=9924198 tx=0xed8945302b9f6268e2cd235e521efb96ad475f96837e8e81a0a4f6119c5f620c recipient=0x40d6F93a26c4F1a2Cc689dd1cC73b62c33990453 amount0=-20621710023802304 amount1=98933558096434608
[SWAP] block=9924200 tx=0xea62a4c07a895c2a7a201e9e35e9967afba66e466aac7f4c89c34529967c9fae recipient=0xd4Ee135D64d4e76238622f05Ecdfb5CA551bc809 amount0=-22781617183752406 amount1=109942475495919280
[MINT SENT] to=0xf4029Cb7571341C794A1B9f94Ea3cdD1F0c76F83 tx=0x2538b77ab9f23cff7ba526321daf76ca82312fd8bd2408002ce7c47ca4ebf961
[SWAP] block=9924202 tx=0x5c9ab9f9fcec5b56d0e69c1f55091dafe29f5e42b334a2817dd8fe03a05a27fd recipient=0x17AE1B04fe4C247F8f628b45A08f1dB78D7F00DF amount0=-35782913909185714 amount1=174071198240296352
[MINT CONFIRMED] to=0xf4029Cb7571341C794A1B9f94Ea3cdD1F0c76F83 tx=0x2538b77ab9f23cff7ba526321daf76ca82312fd8bd2408002ce7c47ca4ebf961
[SWAP] block=9924204 tx=0x018c99045fa7b047a290d1e2b0fd16ef7007c57a549574d25141a3aa1732157d recipient=0x3D5eB8A4876a1E5D1BE43b1c865b958dA8151f05 amount0=-376784927192686 amount1=1842004854130532
[SWAP] block=9924206 tx=0x66caa2760ca21715d3cc8d0feb4cf9143395b5522d4e4e2299c87f4e7e77e138 recipient=0xf4029Cb7571341C794A1B9f94Ea3cdD1F0c76F83 amount0=-15025025647877898 amount1=73608799158295888
[SWAP] block=9924226 tx=0x3ded51e41660b1a3b25cce5b97fba25819242923c690f06edb864688b61011c3 recipient=0xf3C63C97eB7966Ead3bac8691346F3C47ac0039f amount0=4695370973578703 amount1=-22897632579693128
[SWAP] block=9924228 tx=0x9367a12aba932066b01d0935a4753d1cd0b8113665fd2c44655bef6eef44b872 recipient=0x88F20Dd02200254b2d323A5716030288A1D8C5D3 amount0=-5566300067731510 amount1=27311763036770648
[SWAP] block=9924230 tx=0x87a687e89f37509aed408cff48937df6d33e185dc4895dea017aaa0bdd16f26a recipient=0xdcDB38594f2A68CcE6aA25bdF93055D87A54c450 amount0=-8274332389402248 amount1=40676304906023896
[SWAP] block=9924232 tx=0xf61772762271c79610c39c621a0fd9b6181f5229fe019a95b444361db3da04f4 recipient=0x40df78bb3b367eDA0a2a929eC2F7A4E8e84f9a86 amount0=-9560667538595735 amount1=47115247229665688
[SWAP ELIGIBLE] 0x40df78bb3b367eDA0a2a929eC2F7A4E8e84f9a86 block=9924232 cumulativeBuys=9560667538595735
[MINT SENT] to=0x40df78bb3b367eDA0a2a929eC2F7A4E8e84f9a86 tx=0x0ac34e1a41e035b4df99bb8dfb739b818fe69a1de2702b4a53005ec92c33983d
[MINT CONFIRMED] to=0x40df78bb3b367eDA0a2a929eC2F7A4E8e84f9a86 tx=0x0ac34e1a41e035b4df99bb8dfb739b818fe69a1de2702b4a53005ec92c33983d
[SWAP] block=9924234 tx=0xf0738549ca94ba18d4a7bba3e894f1e1941a73d74c943e10e8ff36106e63b758 recipient=0x99f00bdf336ED74C0164eE7b12058979940312E5 amount0=-10015021543280859 amount1=49487471047358960
[SWAP] block=9924241 tx=0x5d62b449c41c390ab321fa4d5fdaca81a728f6abf0c536b9bb35ee37860f64a9 recipient=0xf3C63C97eB7966Ead3bac8691346F3C47ac0039f amount0=21030246810552396 amount1=-103139238655612568
[SWAP] block=9924243 tx=0xe1e4438df8ea3cfec0a5eb8854e97204c3d366a37f5ed0527086479623acc3f5 recipient=0x0FCeE80B1fa14983e4Cf35801e6D8F5DccA532AD amount0=2909093012718608 amount1=-14220370946539881
[SWAP] block=9924245 tx=0xef09e3a71d54d5a54b430a30a9932078f7f5a007b1d80cb08272f356eda41f1b recipient=0xd3671215F089919F3cE91B3c38D9f653236899F1 amount0=7597059849801722 amount1=-37082940832400146
[SWAP] block=9924247 tx=0xc33e33f3a6fee00d644fc938a05d702ed28ad28ac845eb0171e1f103139cdbfb recipient=0x40d6F93a26c4F1a2Cc689dd1cC73b62c33990453 amount0=-7514510590159625 amount1=36900770934357576
[SWAP] block=9924249 tx=0xb5995a90518d781944bc925f5e05e1e74029a5b4f414a76d281e0d277bf4cdec recipient=0x06BDA3232F2554BC4A7E0dC9c6F38179e49Eb0Cf amount0=-23132643774072414 amount1=114074957322804032
[SWAP ELIGIBLE] 0x06BDA3232F2554BC4A7E0dC9c6F38179e49Eb0Cf block=9924249 cumulativeBuys=23132643774072414
[MINT SENT] to=0x06BDA3232F2554BC4A7E0dC9c6F38179e49Eb0Cf tx=0x86144b8f43a4b46a68915d90a073d9bbc1a98725cb84df99615f289f2424adb8
[MINT CONFIRMED] to=0x06BDA3232F2554BC4A7E0dC9c6F38179e49Eb0Cf tx=0x86144b8f43a4b46a68915d90a073d9bbc1a98725cb84df99615f289f2424adb8
[SWAP] block=9924251 tx=0x0460ffa23615bf6e7d8b42768ceaf5cd538728f148fa50661f7e11e95d1cde41 recipient=0xd4Ee135D64d4e76238622f05Ecdfb5CA551bc809 amount0=-15635670731243325 amount1=77517645231462880
[SWAP] block=9924253 tx=0x08fd77d51338f64ec3256058dafc1c0a85d4498128e4e83c6845d5414a6f4eda recipient=0x7e41682e885F15DDAD626a5A26b11e19DB10BD93 amount0=-6774219488985670 amount1=33688880542246552
[SWAP ELIGIBLE] 0x7e41682e885F15DDAD626a5A26b11e19DB10BD93 block=9924253 cumulativeBuys=6774219488985670
[MINT SENT] to=0x7e41682e885F15DDAD626a5A26b11e19DB10BD93 tx=0x8062bc79158e3e2edd189edea0424fff2b572c49be09ed25fca06cf41c8a0181
[MINT CONFIRMED] to=0x7e41682e885F15DDAD626a5A26b11e19DB10BD93 tx=0x8062bc79158e3e2edd189edea0424fff2b572c49be09ed25fca06cf41c8a0181
[SWAP] block=9924273 tx=0x1075182aee2b020650a308785c4e9814b53f239c2a25f678d5c83a8e11aa10eb recipient=0x8F3951CcaA71256b22bbe79fb277276649d77fd0 amount0=-21146372060696722 amount1=105570121045906896
[SWAP] block=9924275 tx=0x8aba45e5897e3712dc0df8fee977b71a1a004d781a01226350cdf0969b5d1858 recipient=0xb52a46c6e82031a4Dc1Ac30Fac7C354dED03ea0B amount0=4225245935625402 amount1=-21016734773808161
[SWAP] block=9924277 tx=0xf3f09de181a5a4eaec97e83a0a0e31bb7b429a67b3ffc22486b540c364486a44 recipient=0x40df78bb3b367eDA0a2a929eC2F7A4E8e84f9a86 amount0=-4840901483448226 amount1=24226295587424368
[SWAP] block=9924279 tx=0xb335db90dc5bd5c3eb01c9ef375b19c30923af18c2c93bbe98b1063d4153674d recipient=0x40d6F93a26c4F1a2Cc689dd1cC73b62c33990453 amount0=-7428027511623354 amount1=37236870271670008
[SWAP] block=9924281 tx=0x436c4aedd2ae564f3f261db8f4ffe789b3dd6c95ffeb11555d81513f378e0d99 recipient=0x2367B5c0Bf294C1588657a267Cf27e45Bc0fF33E amount0=-9904768938429872 amount1=49772443187959560
[SWAP ELIGIBLE] 0x2367B5c0Bf294C1588657a267Cf27e45Bc0fF33E block=9924281 cumulativeBuys=9904768938429872
[MINT SENT] to=0x2367B5c0Bf294C1588657a267Cf27e45Bc0fF33E tx=0x57d018d698075bed4c679468173ce0eee87feaf6a6678a966517b7fbebb71bae
[MINT CONFIRMED] to=0x2367B5c0Bf294C1588657a267Cf27e45Bc0fF33E tx=0x57d018d698075bed4c679468173ce0eee87feaf6a6678a966517b7fbebb71bae
[SWAP] block=9924283 tx=0x0d307bf0ed37d744fd82797c06e73972788b32fe6488081a6ffba33cf47632cc recipient=0xf15e57ed101dbDd7002f020DF55345bB7256eB19 amount0=-2224804265652149 amount1=11198714307849870
[SWAP ELIGIBLE] 0xf15e57ed101dbDd7002f020DF55345bB7256eB19 block=9924283 cumulativeBuys=2224804265652149
[MINT SENT] to=0xf15e57ed101dbDd7002f020DF55345bB7256eB19 tx=0xb6ca82cb48030cedda85866ce0832cffd59061020a8c08e7fd96fb61be4e02a7
[MINT CONFIRMED] to=0xf15e57ed101dbDd7002f020DF55345bB7256eB19 tx=0xb6ca82cb48030cedda85866ce0832cffd59061020a8c08e7fd96fb61be4e02a7
[SWAP] block=9924291 tx=0x0e7772f0acf6529dd0a96d6a08d86d29f3e0111280a64ac72e040b5c5aedd71c recipient=0x99f00bdf336ED74C0164eE7b12058979940312E5 amount0=-4053352163070748 amount1=20420661535928284
[SWAP] block=9924293 tx=0x5448a9876a3763041eeec64e74c2de3d7a4f2d1aafcc5bfedf2c339c62b9ce6a recipient=0x06BDA3232F2554BC4A7E0dC9c6F38179e49Eb0Cf amount0=-28415597246159639 amount1=143806036088808848
[SWAP] block=9924295 tx=0x9358661dcf88c09bf9398db520ed681135488a513fdcca868cfbeaf30e1cadb5 recipient=0x3e641299D79312eE5eb63eB5Ac51a8fA01301397 amount0=-6567341302549304 amount1=33398616226686536
[SWAP] block=9924297 tx=0x6f25e89fe876915f84f9c8ee41dd6c424eb0b38e0c9e87be4ad58810b67e3686 recipient=0xd4Ee135D64d4e76238622f05Ecdfb5CA551bc809 amount0=-12144687901389720 amount1=61924378120174592
[SWAP] block=9924299 tx=0x50a2fc25987c2870344a463113d7327f14c47ef6bd50c9ef4bebaae5488b3bea recipient=0x17AE1B04fe4C247F8f628b45A08f1dB78D7F00DF amount0=-17996824464880721 amount1=92152021142363840
[SWAP] block=9924301 tx=0x8a6a66b3bff445afbfa6204c8a5c76b7053a701979bd4be462681baadb5208a7 recipient=0x341d43817689c673D0EcbC0E92Fdc86b1208Bed8 amount0=-20284237390091502 amount1=104424364060560192
[SWAP ELIGIBLE] 0x341d43817689c673D0EcbC0E92Fdc86b1208Bed8 block=9924301 cumulativeBuys=20284237390091502
[MINT SENT] to=0x341d43817689c673D0EcbC0E92Fdc86b1208Bed8 tx=0x7f7bfffefaa241e3e05baf468230057f911f8bbedff27c38668c8e3f26bd7e4e
[MINT CONFIRMED] to=0x341d43817689c673D0EcbC0E92Fdc86b1208Bed8 tx=0x7f7bfffefaa241e3e05baf468230057f911f8bbedff27c38668c8e3f26bd7e4e
[SWAP] block=9924303 tx=0xed4e998165eaa3ae9966fa2ebfe2786fd02cc008328866a9d117d836ec2055aa recipient=0x03F3e91703775A4F28c1A3E4ece740c5505DD664 amount0=-7925413746983906 amount1=40962674360916016
[SWAP] block=9924291 tx=0x0e7772f0acf6529dd0a96d6a08d86d29f3e0111280a64ac72e040b5c5aedd71c recipient=0x99f00bdf336ED74C0164eE7b12058979940312E5 amount0=-4053352163070748 amount1=20420661535928284
[SWAP ELIGIBLE] 0x03F3e91703775A4F28c1A3E4ece740c5505DD664 block=9924303 cumulativeBuys=7925413746983906
[SWAP] block=9924293 tx=0x5448a9876a3763041eeec64e74c2de3d7a4f2d1aafcc5bfedf2c339c62b9ce6a recipient=0x06BDA3232F2554BC4A7E0dC9c6F38179e49Eb0Cf amount0=-28415597246159639 amount1=143806036088808848
[SWAP] block=9924295 tx=0x9358661dcf88c09bf9398db520ed681135488a513fdcca868cfbeaf30e1cadb5 recipient=0x3e641299D79312eE5eb63eB5Ac51a8fA01301397 amount0=-6567341302549304 amount1=33398616226686536
[SWAP] block=9924297 tx=0x6f25e89fe876915f84f9c8ee41dd6c424eb0b38e0c9e87be4ad58810b67e3686 recipient=0xd4Ee135D64d4e76238622f05Ecdfb5CA551bc809 amount0=-12144687901389720 amount1=61924378120174592
[SWAP] block=9924299 tx=0x50a2fc25987c2870344a463113d7327f14c47ef6bd50c9ef4bebaae5488b3bea recipient=0x17AE1B04fe4C247F8f628b45A08f1dB78D7F00DF amount0=-17996824464880721 amount1=92152021142363840
[SWAP] block=9924301 tx=0x8a6a66b3bff445afbfa6204c8a5c76b7053a701979bd4be462681baadb5208a7 recipient=0x341d43817689c673D0EcbC0E92Fdc86b1208Bed8 amount0=-20284237390091502 amount1=104424364060560192
[MINT SENT] to=0x03F3e91703775A4F28c1A3E4ece740c5505DD664 tx=0x0e7abb13457269553144fa01a8e2882809b6bb48ec76d89fb4cf71f9fb03333b
[SWAP] block=9924303 tx=0xed4e998165eaa3ae9966fa2ebfe2786fd02cc008328866a9d117d836ec2055aa recipient=0x03F3e91703775A4F28c1A3E4ece740c5505DD664 amount0=-7925413746983906 amount1=40962674360916016
[MINT CONFIRMED] to=0x03F3e91703775A4F28c1A3E4ece740c5505DD664 tx=0x0e7abb13457269553144fa01a8e2882809b6bb48ec76d89fb4cf71f9fb03333b
[SWAP] block=9924315 tx=0xdd8cb0b0521d16167b8db792e6ff91616f2366ca65e68d4cc9ba716cd5c9b55d recipient=0x0FCeE80B1fa14983e4Cf35801e6D8F5DccA532AD amount0=5005881979963801 amount1=-25728634278928415
[SWAP] block=9924317 tx=0xb073c1aa3cf717c679394547e283cfb7c8a1ffff154fb54b31257af30e9d4f8c recipient=0xb52a46c6e82031a4Dc1Ac30Fac7C354dED03ea0B amount0=2105705843917841 amount1=-10811851534040409
[SWAP] block=9924319 tx=0xbabf329b9bc819657a1b30ee66708e0701a73e34155e5d77bf76c485dc05fd34 recipient=0x40df78bb3b367eDA0a2a929eC2F7A4E8e84f9a86 amount0=-334634796630264 amount1=1728125294742506
[SWAP] block=9924321 tx=0x77462703bd07b466cc81e355e91e724d8b47cdafa913e823987aa04aa9d69631 recipient=0xd3671215F089919F3cE91B3c38D9f653236899F1 amount0=13964034412287584 amount1=-71544347793061094
[SWAP] block=9924323 tx=0x807906c637bfba01f1a8f6fd5008246dac6773550e5b1fd507c9a80727e010b5 recipient=0x2D336127135b5c0b64a9E839053baA9eeA035EC9 amount0=5430796664616399 amount1=-27748988423608405
[SWAP] block=9924325 tx=0x45c63d740df2435a1ed3a35924b0a7f5dab89b427bd8d07380b66d13ba5a3e4d recipient=0x341d43817689c673D0EcbC0E92Fdc86b1208Bed8 amount0=-15658276893530697 amount1=80605167383669584
[SWAP] block=9924327 tx=0xa76c609c9dd4eedbe59a2b04e9759cfd8ed7a0eed3c10a455bd320e5b3b1d924 recipient=0xf4029Cb7571341C794A1B9f94Ea3cdD1F0c76F83 amount0=-10526140123216619 amount1=54386085695021104
[SWAP] block=9924329 tx=0x6eeb1295c51ab51ecc1250a03a5b2e649ad49446fa18e4bca0429d6064eeb828 recipient=0xEcd0CAE8b1C8405bD25c1DacBDB5b9CeCa8B84D1 amount0=-4046878914992411 amount1=20952239091872252
[SWAP ELIGIBLE] 0xEcd0CAE8b1C8405bD25c1DacBDB5b9CeCa8B84D1 block=9924329 cumulativeBuys=4046878914992411
[MINT SENT] to=0xEcd0CAE8b1C8405bD25c1DacBDB5b9CeCa8B84D1 tx=0x2ee1c2eb2830a0aa0a2979c2ec6f7f8762f219d98e1d50ff97ea1a00ed6aebf0
[MINT CONFIRMED] to=0xEcd0CAE8b1C8405bD25c1DacBDB5b9CeCa8B84D1 tx=0x2ee1c2eb2830a0aa0a2979c2ec6f7f8762f219d98e1d50ff97ea1a00ed6aebf0
[SWAP] block=9924331 tx=0xfe24b95a63ad995ab5ff7eb3d894ce7f980767ef0dfb7cf4e645601556a9c34c recipient=0xD6913be4d054953C9fB8296C3fF853cB272a5656 amount0=6864219265188268 amount1=-35311856139947268
[SWAP] block=9924342 tx=0x04f2c7af04f4bd0dcedaf453813b592c0dd8d8580a18f7ba1e5873648cdfb429 recipient=0x8F3951CcaA71256b22bbe79fb277276649d77fd0 amount0=-18338224292498795 amount1=95060675002130240
[SWAP] block=9924344 tx=0x39748cd324f7cc5174043e2976fa3e32b3ada2488f010ecccd3facacebef4bf6 recipient=0x3e641299D79312eE5eb63eB5Ac51a8fA01301397 amount0=-3898822510865145 amount1=20274014749860916
[SWAP] block=9924346 tx=0xde72b2f218245581c79931b3aaed67dffa81728e0986959ac590338bfa7d1913 recipient=0x17AE1B04fe4C247F8f628b45A08f1dB78D7F00DF amount0=-4734309935606295 amount1=24648635192958892
[SWAP] block=9924348 tx=0x86795b75b0d22489d1f04c39ea6ccb8b287b1d435aee5452e6466848a7057740 recipient=0xD97d4DC1453Bab45d368E2190c69b08642F4092A amount0=-1378895752775794 amount1=7185268326160393
[SWAP ELIGIBLE] 0xD97d4DC1453Bab45d368E2190c69b08642F4092A block=9924348 cumulativeBuys=1378895752775794
[MINT SENT] to=0xD97d4DC1453Bab45d368E2190c69b08642F4092A tx=0x62c11d5cc415a919cd1f39e288547b342ef5bb8283d305432e2f86af0282ef87
[MINT CONFIRMED] to=0xD97d4DC1453Bab45d368E2190c69b08642F4092A tx=0x62c11d5cc415a919cd1f39e288547b342ef5bb8283d305432e2f86af0282ef87
[SWAP] block=9924367 tx=0x7d7262af705e6d915777f6384a40a6f5b29a88fc06b14b575716bdda6ae7dea6 recipient=0xb52a46c6e82031a4Dc1Ac30Fac7C354dED03ea0B amount0=2175411849646732 amount1=-11266651150883157
[SWAP] block=9924369 tx=0xe41e10552a82eb392c84fedb7bd580948e6e5e8d88eb7495f772d3e3fc16069f recipient=0x99f00bdf336ED74C0164eE7b12058979940312E5 amount0=-6720178507924166 amount1=35036726403697252
[SWAP] block=9924371 tx=0x0d29e31a351451c30ab0ce7d15729060b82b0b2f35c23f95a913d515c3871d02 recipient=0x3e641299D79312eE5eb63eB5Ac51a8fA01301397 amount0=-4579988731237936 amount1=23916720166745240
[SWAP] block=9924373 tx=0xc87f17bb671349b7b9780e27c7ee7cbcb274870a3fc36f306eddb196a06a18c3 recipient=0xd4Ee135D64d4e76238622f05Ecdfb5CA551bc809 amount0=-8637072830013964 amount1=45187362106174984
[SWAP] block=9924375 tx=0x535eda7cd5dd36adf6fc4674ac3df9fff9eed8a1822815d680f72ea1117f3900 recipient=0x3D5eB8A4876a1E5D1BE43b1c865b958dA8151f05 amount0=326104611512755 amount1=-1697888710832085
[SWAP] block=9924377 tx=0xbcf2be50d508b8bb1392db9189ad9f7a7e766afd9b19b083f635e1ce09a34aac recipient=0x2367B5c0Bf294C1588657a267Cf27e45Bc0fF33E amount0=-3447719021517921 amount1=18067005319628020
[SWAP] block=9924379 tx=0xa9dd771c95b42956a86dfbfb2c530fb4c79d6a30f7e69d2650ea646453a6d3ec recipient=0xA6bc954DeFC421Cad128D3398bC557f8b6AC0561 amount0=-3206205165388448 amount1=16817272654443212
[SWAP ELIGIBLE] 0xA6bc954DeFC421Cad128D3398bC557f8b6AC0561 block=9924379 cumulativeBuys=3206205165388448
[MINT SENT] to=0xA6bc954DeFC421Cad128D3398bC557f8b6AC0561 tx=0x7bac359435487ebd84e221632bc8c173f02aa4408f7a2435e4575b270f7a48ee
[MINT CONFIRMED] to=0xA6bc954DeFC421Cad128D3398bC557f8b6AC0561 tx=0x7bac359435487ebd84e221632bc8c173f02aa4408f7a2435e4575b270f7a48ee
[SWAP] block=9924381 tx=0x37a0b7d7e5fdcec5c5a80141d4d185a56be5ba4f290309f3ccecc486cb43bb6f recipient=0xEcd0CAE8b1C8405bD25c1DacBDB5b9CeCa8B84D1 amount0=-6131007562434449 amount1=32201178382865556
[SWAP] block=9924383 tx=0xc7a7111e45cf59e9a0b3ca3321fddb3da50656b17b007faacf91cb673a748cf8 recipient=0xD97d4DC1453Bab45d368E2190c69b08642F4092A amount0=-2717997787602462 amount1=14293375375761046
[SWAP] block=9924390 tx=0xd93217159727fc74597ae02167871e9fa0c86d60a961f265c416f52442645746 recipient=0xf3C63C97eB7966Ead3bac8691346F3C47ac0039f amount0=36921072177014072 amount1=-192066732553307415
[SWAP] block=9924392 tx=0xd9b52cd1976006268609ded8cd50babbde51f86c32855f9bf1981560e9a05b47 recipient=0x0FCeE80B1fa14983e4Cf35801e6D8F5DccA532AD amount0=5715501735716833 amount1=-29554022939766682
[SWAP] block=9924394 tx=0xfd951869b228c34051ef57b8efa7e0846a0588cb3cc4ad6385862994bcbac4f2 recipient=0x88F20Dd02200254b2d323A5716030288A1D8C5D3 amount0=-2768000822356010 amount1=14393230157201804
[SWAP] block=9924396 tx=0xea43f07d6143262da86786e9fecec40e6a82ace4b3ca36d148da21505fd5a715 recipient=0x0A1a2eCB4fBD66CF9790bb115529D5599d2Af37f amount0=8059412292762670 amount1=-41625814217428719
[SWAP] block=9924398 tx=0xbc04864ae0d348614f41dec15defd485bb993343b625bc5e8b95bb0de091e182 recipient=0xdcDB38594f2A68CcE6aA25bdF93055D87A54c450 amount0=-737261035300981 amount1=3826860993583519
[SWAP] block=9924400 tx=0x78d4dd1961131b9200cdfc5b61027644c6b7bfeafda723b4ae7dd4c5a4413d9e recipient=0x99f00bdf336ED74C0164eE7b12058979940312E5 amount0=-7083649887006228 amount1=36809352950951032
[SWAP] block=9924402 tx=0x14c7043de169bddc057af9f163647c552763a330b81f2646a843268bb8f52aee recipient=0x06BDA3232F2554BC4A7E0dC9c6F38179e49Eb0Cf amount0=-28144137088985985 amount1=146978606031719328
[SWAP] block=9924404 tx=0x03527a175b353d2efeea44b3ee197f2ea63a52b8e36d634fe7edeb1ffb992568 recipient=0x17AE1B04fe4C247F8f628b45A08f1dB78D7F00DF amount0=-5819264963457383 amount1=30536805864271724
[SWAP] block=9924406 tx=0x192dc581487e914ff34a8a93c83d51e65edb43c878dac436df4b894281a05507 recipient=0x341d43817689c673D0EcbC0E92Fdc86b1208Bed8 amount0=-21620451089841634 amount1=113897495677975520
[SWAP] block=9924408 tx=0x54fbfa0a260b0d500aff2fae451bbfb0edd37b2e20076551e9c50269d1014486 recipient=0xA6bc954DeFC421Cad128D3398bC557f8b6AC0561 amount0=-3340551651100211 amount1=17660766458939696
[SWAP] block=9924410 tx=0xf6aa65b381430337fd65af26008db3893bd081ef64489e8645e7a7c77573b345 recipient=0x42B05f897b5f847f6067A8335c4f02A9DDA14610 amount0=-50187013797222053 amount1=267366068813958304
[SWAP ELIGIBLE] 0x42B05f897b5f847f6067A8335c4f02A9DDA14610 block=9924410 cumulativeBuys=50187013797222053
[MINT SENT] to=0x42B05f897b5f847f6067A8335c4f02A9DDA14610 tx=0x83048a421d1d2bacb84f3219cb4e76018baa5fd6a31ecff30761270028c3f755
[MINT CONFIRMED] to=0x42B05f897b5f847f6067A8335c4f02A9DDA14610 tx=0x83048a421d1d2bacb84f3219cb4e76018baa5fd6a31ecff30761270028c3f755
[SWAP] block=9924412 tx=0x658aaf7bbc6cb275c8fe25f9649e3749f62572bdf8f78f7b143416df26d61475 recipient=0xD97d4DC1453Bab45d368E2190c69b08642F4092A amount0=-1825903227985029 amount1=9799939999658990
[SWAP] block=9924414 tx=0x30fec90a2f0dc718edb8fbe80b20cab59b26084066e42a9c9a0c4155a76121a1 recipient=0x3711d43E26555738DdAb60FF78941fCE80BE5c63 amount0=-16167095775749940 amount1=86996265629110544
[SWAP ELIGIBLE] 0x3711d43E26555738DdAb60FF78941fCE80BE5c63 block=9924414 cumulativeBuys=16167095775749940
[SWAP] block=9924410 tx=0xf6aa65b381430337fd65af26008db3893bd081ef64489e8645e7a7c77573b345 recipient=0x42B05f897b5f847f6067A8335c4f02A9DDA14610 amount0=-50187013797222053 amount1=267366068813958304
[MINT SENT] to=0x3711d43E26555738DdAb60FF78941fCE80BE5c63 tx=0xf08afae68eac35f32055dc5655b480420fbddfaa5dbfd23131a0bcff9a92110b
[SWAP] block=9924412 tx=0x658aaf7bbc6cb275c8fe25f9649e3749f62572bdf8f78f7b143416df26d61475 recipient=0xD97d4DC1453Bab45d368E2190c69b08642F4092A amount0=-1825903227985029 amount1=9799939999658990
[MINT CONFIRMED] to=0x3711d43E26555738DdAb60FF78941fCE80BE5c63 tx=0xf08afae68eac35f32055dc5655b480420fbddfaa5dbfd23131a0bcff9a92110b
[SWAP] block=9924416 tx=0x0a05ae2c6d11dc7560f909c0991b4b893f026b3aef1d2d67e1220302c67e58b5 recipient=0x3E96560261ff941cFe0A17b3CB03A5856b462b78 amount0=-7497067126695849 amount1=40479754022823664
[SWAP] block=9924414 tx=0x30fec90a2f0dc718edb8fbe80b20cab59b26084066e42a9c9a0c4155a76121a1 recipient=0x3711d43E26555738DdAb60FF78941fCE80BE5c63 amount0=-16167095775749940 amount1=86996265629110544
[SWAP ELIGIBLE] 0x3E96560261ff941cFe0A17b3CB03A5856b462b78 block=9924416 cumulativeBuys=7497067126695849
[SWAP] block=9924416 tx=0x0a05ae2c6d11dc7560f909c0991b4b893f026b3aef1d2d67e1220302c67e58b5 recipient=0x3E96560261ff941cFe0A17b3CB03A5856b462b78 amount0=-7497067126695849 amount1=40479754022823664
[SWAP ELIGIBLE] 0x3E96560261ff941cFe0A17b3CB03A5856b462b78 block=9924416 cumulativeBuys=14994134253391698
[MINT FAILED] to=0x3E96560261ff941cFe0A17b3CB03A5856b462b78 reason=nonce has already been used
[MINT SENT] to=0x3E96560261ff941cFe0A17b3CB03A5856b462b78 tx=0xb9fe1b5434988711c68f5d932e331dd42b2677dc4460c035dcc7c8216d030aa0
[MINT CONFIRMED] to=0x3E96560261ff941cFe0A17b3CB03A5856b462b78 tx=0xb9fe1b5434988711c68f5d932e331dd42b2677dc4460c035dcc7c8216d030aa0
[SWAP] block=9924429 tx=0x89b50f8d143226ac5d9db704893403e52444eed16726556fa3edea58352c6de4 recipient=0x8F3951CcaA71256b22bbe79fb277276649d77fd0 amount0=-12275647814847842 amount1=66470394181882232
[SWAP] block=9924431 tx=0x7841629615af735cded99952a60fafd5d85b19532d08672de7c96b62793ad3bf recipient=0x0FCeE80B1fa14983e4Cf35801e6D8F5DccA532AD amount0=13790313861773912 amount1=-74208925737809062
[SWAP] block=9924433 tx=0x7b8d0eef21be6077daa8772701c5a07539becbcf6c47419ba80ff20d7f12ef2d recipient=0x0A1a2eCB4fBD66CF9790bb115529D5599d2Af37f amount0=12336908745866424 amount1=-66139202846628587
[SWAP] block=9924435 tx=0x8704eb1b4208cedafaf9e8b03cfcd4ffcf8b70d1949140da76a47eac9efa9d72 recipient=0x2D336127135b5c0b64a9E839053baA9eeA035EC9 amount0=10108107286984388 amount1=-54016332093427697
[SWAP] block=9924437 tx=0xdc2f6e94c9b548be5d890d052212da7d140b8ca055000410ae5040c1dc4e824a recipient=0x06BDA3232F2554BC4A7E0dC9c6F38179e49Eb0Cf amount0=-15351852648955983 amount1=82595261300104432
[SWAP] block=9924439 tx=0xfe76e877030ca3a54bf0454b4146d98eecdcda5253db1d8fd9a7ad5f8d17410f recipient=0x7e41682e885F15DDAD626a5A26b11e19DB10BD93 amount0=-55749813930402 amount1=300607210312280
[SWAP] block=9924441 tx=0xdcf7cd10c3f7d46f925e21e89d927f8cfbba1f836d28686625deb72fe49ee1d3 recipient=0x830fa850c068F8aEA1F9e1F5070826D6ff468CA3 amount0=7034428549378792 amount1=-37665228623496605
[SWAP] block=9924443 tx=0x073fc49fbdcb7167ff0a46e4211c178201a3233e36c00c935f50effea1157708 recipient=0x42B05f897b5f847f6067A8335c4f02A9DDA14610 amount0=-30617624713635847 amount1=165489452273915744
[SWAP] block=9924453 tx=0xdb7792218c9a2c064bacdb2c85ce385ae64a9f8b44581f2688f220a311788e90 recipient=0xb52a46c6e82031a4Dc1Ac30Fac7C354dED03ea0B amount0=7965321336986370 amount1=-42934872629971411
[SWAP] block=9924455 tx=0xfbfd9c084286f886ac8b49eab60b57ffe17fbd2fb4f7e82c3e420d6a7bf20fb3 recipient=0xd3671215F089919F3cE91B3c38D9f653236899F1 amount0=12924930098533220 amount1=-69459436582344512
[SWAP] block=9924457 tx=0xab28d5b4855cf23252e3f895803064c56fd7bdf3cdd83ac38c3eec06609db068 recipient=0x2D336127135b5c0b64a9E839053baA9eeA035EC9 amount0=9028266145239216 amount1=-48365859607140573
[SWAP] block=9924459 tx=0x04f8385c89376832056f8a1315c4a1cea1a99119bfaceb343c20db46331e4fba recipient=0x40d6F93a26c4F1a2Cc689dd1cC73b62c33990453 amount0=-379929517792658 amount1=2045072566511634
[SWAP] block=9924461 tx=0xce0fcb39f46422a2e3daeae65bde8de6ab9872583a2fab3ce44eae15fef7f0ee recipient=0x06BDA3232F2554BC4A7E0dC9c6F38179e49Eb0Cf amount0=-11140832168906090 amount1=60067991559966480
[SWAP] block=9924463 tx=0x3c9752e10eb1cf9c02a803f817f145f47514f04c20a4886bc2708631267669da recipient=0xd4Ee135D64d4e76238622f05Ecdfb5CA551bc809 amount0=-6032092744227115 amount1=32603701827438492
[SWAP] block=9924465 tx=0x22fa1a115ad2fe4e9ca249da7623c06b173597bc48a6b1f5c94e3903541f8dbe recipient=0x3D5eB8A4876a1E5D1BE43b1c865b958dA8151f05 amount0=2866170810805156 amount1=-15405997924512366
[SWAP] block=9924467 tx=0xf88890e274b409cba0117e4234b945b6cb3764c48314548ede5f565c5f95498c recipient=0x341d43817689c673D0EcbC0E92Fdc86b1208Bed8 amount0=-16077166331782467 amount1=87103394270008624
[SWAP] block=9924469 tx=0x2203fe0bf855a5dfa0b97272b5053db563ff5ca524d4c79be4f75aafa3d29237 recipient=0x7e41682e885F15DDAD626a5A26b11e19DB10BD93 amount0=-498338537106474 amount1=2706376550979974
[SWAP] block=9924471 tx=0x381e8ce444192563f048da81fb4c465f1ebdc5a4aa9940bddb403d1785cdd6b2 recipient=0xD6913be4d054953C9fB8296C3fF853cB272a5656 amount0=15421074269468214 amount1=-83068599408392448
[SWAP] block=9924473 tx=0xcf53d559ac072c77becce0ac5aee2d00d171e6f5b130b53b7b64b5ce46a436db recipient=0x42B05f897b5f847f6067A8335c4f02A9DDA14610 amount0=-28293362495855378 amount1=153612783727383968
[SWAP] block=9924475 tx=0x1e3e6a93c5f3c1a2c9cfba9598d8064be53d0f043217a715f77a396bb75ea437 recipient=0x5AC8225ddb6071457E8881E04Ba3705153b34445 amount0=10625504620850764 amount1=-57489899235859392
[SWAP] block=9924477 tx=0x33ca22fa5ebd109f0c27c658353a5dcf0a14072e99e8f3075f8acbca0e7dc499 recipient=0x3711d43E26555738DdAb60FF78941fCE80BE5c63 amount0=-8863226375828180 amount1=48231948695154744
[SWAP] block=9924479 tx=0xf60274f03b3d5d9dc8a9e1c74acd4d9013598404a17326b35801bfa4b8f0dd25 recipient=0x0A1a2eCB4fBD66CF9790bb115529D5599d2Af37f amount0=14038422719930794 amount1=-75880419873806310
[SWAP] block=9924481 tx=0x811e2bb8d8588831f88fb31ae3f41b70955385ce7279d4901382d1615398d4f1 recipient=0xd3671215F089919F3cE91B3c38D9f653236899F1 amount0=12705384585365974 amount1=-68411280756154891
[SWAP] block=9924483 tx=0xeb915d1bbab0c9e7051059149ca36b15021bb5608b531c722be2ded0feb6c7fe recipient=0x06BDA3232F2554BC4A7E0dC9c6F38179e49Eb0Cf amount0=-8198786380225194 amount1=44383255488200216
[SWAP] block=9924485 tx=0x8d849a5c6a677b8898d0ecee2bf1564efe9e4f702db04addfba0efbc33a2f6ba recipient=0xd4Ee135D64d4e76238622f05Ecdfb5CA551bc809 amount0=-6302073070428794 amount1=34187021037165388
[SWAP] block=9924487 tx=0x7249b821f3f9828a3e8b805af53b7cb676e1d7ef1a17a8eb9294a1ad6d4587a1 recipient=0x341d43817689c673D0EcbC0E92Fdc86b1208Bed8 amount0=-11795061561625993 amount1=64152437595328656
